*** Using Compiler 'V5.06 update 6 (build 750)', folder: 'C:\Keil_v5\ARM\ARMCC\Bin'
Build target 'Foot_bath_robot1'
compiling gpio.c...
compiling log.c...
compiling dma.c...
compiling motor_control.c...
compiling stm32f1xx_hal_msp.c...
compiling usart.c...
compiling tim.c...
compiling freertos.c...
compiling main.c...
compiling adc.c...
compiling stm32f1xx_it.c...
compiling pump_valve.c...
compiling uv_lamp.c...
compiling temp_control.c...
compiling sensor.c...
compiling uart_comm.c...
linking...
Program Size: Code=32324 RO-data=1344 RW-data=260 ZI-data=17236  
FromELF: creating hex file...
"Foot_bath_robot1\Foot_bath_robot1.axf" - 0 Error(s), 0 Warning(s).
Build Time Elapsed:  00:00:10
